#
# A fatal error has been detected by the Java Runtime Environment:
#
#  SIGSEGV (0xb) at pc=0x0000000110c182df, pid=23496, tid=0x0000000000013a0b
#
# JRE version: Java(TM) SE Runtime Environment (8.0_161-b12) (build 1.8.0_161-b12)
# Java VM: Java HotSpot(TM) 64-Bit Server VM (25.161-b12 mixed mode bsd-amd64 compressed oops)
# Problematic frame:
# C  [libawt_lwawt.dylib+0x1c2df]  OGLSD_SetScratchSurface+0x49
#
# Failed to write core dump. Core dumps have been disabled. To enable core dumping, try "ulimit -c unlimited" before starting Java again
#
# If you would like to submit a bug report, please visit:
#   http://bugreport.java.com/bugreport/crash.jsp
# The crash happened outside the Java Virtual Machine in native code.
# See problematic frame for where to report the bug.
#

---------------  T H R E A D  ---------------

Current thread (0x00007fdcec9ad800):  JavaThread "Java2D Queue Flusher" daemon [_thread_in_native, id=80395, stack(0x000070000635f000,0x000070000645f000)]

siginfo: si_signo: 11 (SIGSEGV), si_code: 1 (SEGV_MAPERR), si_addr: 0x0000000000000002

Registers:
RAX=0x00000000ffffffff, RBX=0x0000000000000002, RCX=0x0000000000000047, RDX=0x0000000110c39d8c
RSP=0x000070000645e870, RBP=0x000070000645e890, RSI=0x00007fdcead2c540, RDI=0x00007fdcec9ad9f8
R8 =0x00000000001790ac, R9 =0xffffffff00000000, R10=0x000000011457ae38, R11=0x0000000000000020
R12=0x0000000000000000, R13=0x000070000645e9a8, R14=0x00007fdcec9ad9f8, R15=0x00007fdcec9ad800
RIP=0x0000000110c182df, EFLAGS=0x0000000000010202, ERR=0x0000000000000004
  TRAPNO=0x000000000000000e

Top of Stack: (sp=0x000070000645e870)
0x000070000645e870:   00007fdcead2c540 0000000000000000
0x000070000645e880:   00007fdceb16e210 00007fdcec9ad800
0x000070000645e890:   000070000645e910 0000000110c3986a
0x000070000645e8a0:   000070000645e8d0 0000000108d3b380
0x000070000645e8b0:   0000000000000064 0000000000000000
0x000070000645e8c0:   0000000000000064 00007fdceaf48a28
0x000070000645e8d0:   000070000645e930 00007fdceb16e220
0x000070000645e8e0:   00007fdc00000005 00007fdcec9ad9f8
0x000070000645e8f0:   000000010e6ce110 0000000000000000
0x000070000645e900:   000070000645ea28 00007fdcec9ad800
0x000070000645e910:   000070000645e960 000000011457aeaa
0x000070000645e920:   0000000797652248 00007fdcec9ad800
0x000070000645e930:   000070000645e980 00000001143d9ae8
0x000070000645e940:   0000000797651ef8 00000001144b6926
0x000070000645e950:   0000000797651ef8 000070000645e958
0x000070000645e960:   0000000797652248 0000000114743e70
0x000070000645e970:   000000010e9617a0 0000000000000000
0x000070000645e980:   000070000645ea00 00000001141872bd
0x000070000645e990:   000070000645ea00 00000001141872bd
0x000070000645e9a0:   00000001141872bd 0000000797652248
0x000070000645e9b0:   0000000000000001 0000000797651ef8
0x000070000645e9c0:   000070000645e9b0 000000010e6d1959
0x000070000645e9d0:   000070000645ea28 000000010e6d21e0
0x000070000645e9e0:   0000000000000000 000000010e6d1a60
0x000070000645e9f0:   000070000645e9a8 000070000645ea28
0x000070000645ea00:   000070000645ea90 000000011417f7a7
0x000070000645ea10:   0000000000000000 0000000000000000
0x000070000645ea20:   0000000000000000 0000000797651ef8
0x000070000645ea30:   0000700000001fa0 000000000000000a
0x000070000645ea40:   00007fdcec9ad800 0000000000000001
0x000070000645ea50:   000000011417f71f 000000010e6d1a60
0x000070000645ea60:   000070000645eb28 000070000645edc0 

Instructions: (pc=0x0000000110c182df)
0x0000000110c182bf:   c0 e9 82 00 00 00 48 8b 5e 10 48 85 db 75 0e bf
0x0000000110c182cf:   01 00 00 00 48 8d 15 1e 95 03 00 eb d6 49 89 fe
0x0000000110c182df:   4c 8b 3b 30 c0 e8 a7 bc 02 00 49 8b 3f 49 89 c4
0x0000000110c182ef:   48 8b 35 f2 25 06 00 30 c0 e8 f5 bd 02 00 48 85 

Register to memory mapping:

RAX=0x00000000ffffffff is an unknown value
RBX=0x0000000000000002 is an unknown value
RCX=0x0000000000000047 is an unknown value
RDX=0x0000000110c39d8c: Java_sun_java2d_opengl_OGLRenderQueue_flushBuffer+0xb5c in /Library/Java/JavaVirtualMachines/jdk1.8.0_161.jdk/Contents/Home/jre/lib/libawt_lwawt.dylib at 0x0000000110bfc000
RSP=0x000070000645e870 is pointing into the stack for thread: 0x00007fdcec9ad800
RBP=0x000070000645e890 is pointing into the stack for thread: 0x00007fdcec9ad800
RSI=0x00007fdcead2c540 is an unknown value
RDI=0x00007fdcec9ad9f8 is an unknown value
R8 =0x00000000001790ac is an unknown value
R9 =0xffffffff00000000 is an unknown value
R10=0x000000011457ae38 is at entry_point+56 in (nmethod*)0x000000011457ac90
R11=0x0000000000000020 is an unknown value
R12=0x0000000000000000 is an unknown value
R13=0x000070000645e9a8 is pointing into the stack for thread: 0x00007fdcec9ad800
R14=0x00007fdcec9ad9f8 is an unknown value
R15=0x00007fdcec9ad800 is a thread


Stack: [0x000070000635f000,0x000070000645f000],  sp=0x000070000645e870,  free space=1022k
Native frames: (J=compiled Java code, j=interpreted, Vv=VM code, C=native code)
C  [libawt_lwawt.dylib+0x1c2df]  OGLSD_SetScratchSurface+0x49
C  [libawt_lwawt.dylib+0x3d86a]  Java_sun_java2d_opengl_OGLRenderQueue_flushBuffer+0x63a
J 1270  sun.java2d.opengl.OGLRenderQueue.flushBuffer(JI)V (0 bytes) @ 0x000000011457aeaa [0x000000011457ae00+0xaa]
J 2406 C2 sun.java2d.opengl.OGLRenderQueue.access$100(Lsun/java2d/opengl/OGLRenderQueue;)V (5 bytes) @ 0x0000000114743e70 [0x0000000114743e40+0x30]
j  sun.java2d.opengl.OGLRenderQueue$QueueFlusher.run()V+81
v  ~StubRoutines::call_stub
V  [libjvm.dylib+0x2ef9aa]  JavaCalls::call_helper(JavaValue*, methodHandle*, JavaCallArguments*, Thread*)+0x6ae
V  [libjvm.dylib+0x2f014e]  JavaCalls::call_virtual(JavaValue*, KlassHandle, Symbol*, Symbol*, JavaCallArguments*, Thread*)+0x164
V  [libjvm.dylib+0x2f02fa]  JavaCalls::call_virtual(JavaValue*, Handle, KlassHandle, Symbol*, Symbol*, Thread*)+0x4a
V  [libjvm.dylib+0x34aae5]  thread_entry(JavaThread*, Thread*)+0x7c
V  [libjvm.dylib+0x56edef]  JavaThread::thread_main_inner()+0x9b
V  [libjvm.dylib+0x5704ea]  JavaThread::run()+0x1c2
V  [libjvm.dylib+0x48d83a]  java_start(Thread*)+0xf6
C  [libsystem_pthread.dylib+0x68fc]  _pthread_start+0xe0
C  [libsystem_pthread.dylib+0x2443]  thread_start+0xf
C  0x0000000000000000

Java frames: (J=compiled Java code, j=interpreted, Vv=VM code)
J 1270  sun.java2d.opengl.OGLRenderQueue.flushBuffer(JI)V (0 bytes) @ 0x000000011457ae38 [0x000000011457ae00+0x38]
J 2406 C2 sun.java2d.opengl.OGLRenderQueue.access$100(Lsun/java2d/opengl/OGLRenderQueue;)V (5 bytes) @ 0x0000000114743e70 [0x0000000114743e40+0x30]
j  sun.java2d.opengl.OGLRenderQueue$QueueFlusher.run()V+81
v  ~StubRoutines::call_stub

---------------  P R O C E S S  ---------------

Java Threads: ( => current thread )
  0x00007fdceca09800 JavaThread "TimerQueue" daemon [_thread_blocked, id=12591, stack(0x00007000059bb000,0x0000700005abb000)]
  0x00007fdcec00e000 JavaThread "DestroyJavaVM" [_thread_blocked, id=3843, stack(0x00007000051a3000,0x00007000052a3000)]
  0x00007fdcec987800 JavaThread "AWT-EventQueue-0" [_thread_blocked, id=77835, stack(0x0000700006565000,0x0000700006665000)]
  0x00007fdceb1b5800 JavaThread "Java2D Disposer" daemon [_thread_blocked, id=80151, stack(0x0000700006462000,0x0000700006562000)]
=>0x00007fdcec9ad800 JavaThread "Java2D Queue Flusher" daemon [_thread_in_native, id=80395, stack(0x000070000635f000,0x000070000645f000)]
  0x00007fdcec1c4800 JavaThread "AWT-Shutdown" [_thread_blocked, id=25891, stack(0x00007000060d3000,0x00007000061d3000)]
  0x00007fdceb0b3800 JavaThread "AppKit Thread" daemon [_thread_in_native, id=259, stack(0x00007ffee924f000,0x00007ffee9a4f000)]
  0x00007fdcec83f800 JavaThread "Service Thread" daemon [_thread_blocked, id=18179, stack(0x0000700005ecd000,0x0000700005fcd000)]
  0x00007fdceb80b800 JavaThread "C1 CompilerThread2" daemon [_thread_blocked, id=14595, stack(0x0000700005dca000,0x0000700005eca000)]
  0x00007fdceb80e800 JavaThread "C2 CompilerThread1" daemon [_thread_blocked, id=14339, stack(0x0000700005cc7000,0x0000700005dc7000)]
  0x00007fdcec03b000 JavaThread "C2 CompilerThread0" daemon [_thread_blocked, id=19203, stack(0x0000700005bc4000,0x0000700005cc4000)]
  0x00007fdcec00b800 JavaThread "Signal Dispatcher" daemon [_thread_blocked, id=13827, stack(0x0000700005ac1000,0x0000700005bc1000)]
  0x00007fdcec830800 JavaThread "Finalizer" daemon [_thread_blocked, id=11779, stack(0x00007000058b8000,0x00007000059b8000)]
  0x00007fdceb026000 JavaThread "Reference Handler" daemon [_thread_blocked, id=21507, stack(0x00007000057b5000,0x00007000058b5000)]

Other Threads:
  0x00007fdceb023800 VMThread [stack: 0x00007000056b2000,0x00007000057b2000] [id=11267]
  0x00007fdcec835000 WatcherThread [stack: 0x0000700005fd0000,0x00007000060d0000] [id=14851]

VM state:not at safepoint (normal execution)

VM Mutex/Monitor currently owned by a thread: None

Heap:
 PSYoungGen      total 38400K, used 6255K [0x0000000795580000, 0x0000000798000000, 0x00000007c0000000)
  eden space 33280K, 3% used [0x0000000795580000,0x000000079569d418,0x0000000797600000)
  from space 5120K, 99% used [0x0000000797600000,0x0000000797afe9f0,0x0000000797b00000)
  to   space 5120K, 0% used [0x0000000797b00000,0x0000000797b00000,0x0000000798000000)
 ParOldGen       total 87552K, used 6537K [0x0000000740000000, 0x0000000745580000, 0x0000000795580000)
  object space 87552K, 7% used [0x0000000740000000,0x0000000740662770,0x0000000745580000)
 Metaspace       used 14080K, capacity 14380K, committed 14720K, reserved 1062912K
  class space    used 1742K, capacity 1835K, committed 1920K, reserved 1048576K

Card table byte_map: [0x00000001097ae000,0x0000000109baf000] byte_map_base: 0x0000000105dae000

Marking Bits: (ParMarkBitMap*) 0x00000001090f76c0
 Begin Bits: [0x0000000109e5a000, 0x000000010be5a000)
 End Bits:   [0x000000010be5a000, 0x000000010de5a000)

Polling page: 0x0000000106224000

CodeCache: size=245760Kb used=8721Kb max_used=8721Kb free=237038Kb
 bounds [0x000000011417f000, 0x0000000114a0f000, 0x000000012317f000]
 total_blobs=2939 nmethods=2395 adapters=455
 compilation: enabled

Compilation events (10 events):
Event: 2487.793 Thread 0x00007fdceb80b800 2990       3       javax.swing.RepaintManager::copyArea (23 bytes)
Event: 2487.793 Thread 0x00007fdceb80b800 nmethod 2990 0x0000000114a096d0 code [0x0000000114a09860, 0x0000000114a09b78]
Event: 2487.793 Thread 0x00007fdceb80b800 2991       3       javax.swing.RepaintManager$PaintManager::copyArea (16 bytes)
Event: 2487.794 Thread 0x00007fdceb80b800 nmethod 2991 0x0000000114a09d90 code [0x0000000114a09f00, 0x0000000114a0a148]
Event: 2487.794 Thread 0x00007fdceb80b800 2992   !   3       sun.java2d.SunGraphics2D::copyArea (70 bytes)
Event: 2487.795 Thread 0x00007fdceb80b800 nmethod 2992 0x0000000114a0a250 code [0x0000000114a0a420, 0x0000000114a0ad08]
Event: 2487.795 Thread 0x00007fdceb80b800 2993       3       sun.java2d.SunGraphics2D::doCopyArea (498 bytes)
Event: 2487.799 Thread 0x00007fdceb80b800 nmethod 2993 0x0000000114a0b190 code [0x0000000114a0b660, 0x0000000114a0d6e8]
Event: 2487.846 Thread 0x00007fdceb80b800 2994       3       java.util.concurrent.locks.ReentrantLock$NonfairSync::tryAcquire (6 bytes)
Event: 2487.846 Thread 0x00007fdceb80b800 nmethod 2994 0x0000000114a0e550 code [0x0000000114a0e6c0, 0x0000000114a0e8c8]

GC Heap History (6 events):
Event: 638.082 GC heap before
{Heap before GC invocations=1 (full 0):
 PSYoungGen      total 38400K, used 33280K [0x0000000795580000, 0x0000000798000000, 0x00000007c0000000)
  eden space 33280K, 100% used [0x0000000795580000,0x0000000797600000,0x0000000797600000)
  from space 5120K, 0% used [0x0000000797b00000,0x0000000797b00000,0x0000000798000000)
  to   space 5120K, 0% used [0x0000000797600000,0x0000000797600000,0x0000000797b00000)
 ParOldGen       total 87552K, used 0K [0x0000000740000000, 0x0000000745580000, 0x0000000795580000)
  object space 87552K, 0% used [0x0000000740000000,0x0000000740000000,0x0000000745580000)
 Metaspace       used 12034K, capacity 12380K, committed 12544K, reserved 1060864K
  class space    used 1418K, capacity 1531K, committed 1536K, reserved 1048576K
Event: 638.102 GC heap after
Heap after GC invocations=1 (full 0):
 PSYoungGen      total 38400K, used 4384K [0x0000000795580000, 0x0000000798000000, 0x00000007c0000000)
  eden space 33280K, 0% used [0x0000000795580000,0x0000000795580000,0x0000000797600000)
  from space 5120K, 85% used [0x0000000797600000,0x0000000797a483e0,0x0000000797b00000)
  to   space 5120K, 0% used [0x0000000797b00000,0x0000000797b00000,0x0000000798000000)
 ParOldGen       total 87552K, used 16K [0x0000000740000000, 0x0000000745580000, 0x0000000795580000)
  object space 87552K, 0% used [0x0000000740000000,0x0000000740004000,0x0000000745580000)
 Metaspace       used 12034K, capacity 12380K, committed 12544K, reserved 1060864K
  class space    used 1418K, capacity 1531K, committed 1536K, reserved 1048576K
}
Event: 2273.966 GC heap before
{Heap before GC invocations=2 (full 0):
 PSYoungGen      total 38400K, used 37664K [0x0000000795580000, 0x0000000798000000, 0x00000007c0000000)
  eden space 33280K, 100% used [0x0000000795580000,0x0000000797600000,0x0000000797600000)
  from space 5120K, 85% used [0x0000000797600000,0x0000000797a483e0,0x0000000797b00000)
  to   space 5120K, 0% used [0x0000000797b00000,0x0000000797b00000,0x0000000798000000)
 ParOldGen       total 87552K, used 16K [0x0000000740000000, 0x0000000745580000, 0x0000000795580000)
  object space 87552K, 0% used [0x0000000740000000,0x0000000740004000,0x0000000745580000)
 Metaspace       used 12465K, capacity 12808K, committed 13184K, reserved 1060864K
  class space    used 1456K, capacity 1565K, committed 1664K, reserved 1048576K
Event: 2273.985 GC heap after
Heap after GC invocations=2 (full 0):
 PSYoungGen      total 38400K, used 5119K [0x0000000795580000, 0x0000000798000000, 0x00000007c0000000)
  eden space 33280K, 0% used [0x0000000795580000,0x0000000795580000,0x0000000797600000)
  from space 5120K, 99% used [0x0000000797b00000,0x0000000797ffff60,0x0000000798000000)
  to   space 5120K, 0% used [0x0000000797600000,0x0000000797600000,0x0000000797b00000)
 ParOldGen       total 87552K, used 816K [0x0000000740000000, 0x0000000745580000, 0x0000000795580000)
  object space 87552K, 0% used [0x0000000740000000,0x00000007400cc130,0x0000000745580000)
 Metaspace       used 12465K, capacity 12808K, committed 13184K, reserved 1060864K
  class space    used 1456K, capacity 1565K, committed 1664K, reserved 1048576K
}
Event: 2487.827 GC heap before
{Heap before GC invocations=3 (full 0):
 PSYoungGen      total 38400K, used 38399K [0x0000000795580000, 0x0000000798000000, 0x00000007c0000000)
  eden space 33280K, 100% used [0x0000000795580000,0x0000000797600000,0x0000000797600000)
  from space 5120K, 99% used [0x0000000797b00000,0x0000000797ffff60,0x0000000798000000)
  to   space 5120K, 0% used [0x0000000797600000,0x0000000797600000,0x0000000797b00000)
 ParOldGen       total 87552K, used 816K [0x0000000740000000, 0x0000000745580000, 0x0000000795580000)
  object space 87552K, 0% used [0x0000000740000000,0x00000007400cc130,0x0000000745580000)
 Metaspace       used 14080K, capacity 14380K, committed 14720K, reserved 1062912K
  class space    used 1742K, capacity 1835K, committed 1920K, reserved 1048576K
Event: 2487.841 GC heap after
Heap after GC invocations=3 (full 0):
 PSYoungGen      total 38400K, used 5114K [0x0000000795580000, 0x0000000798000000, 0x00000007c0000000)
  eden space 33280K, 0% used [0x0000000795580000,0x0000000795580000,0x0000000797600000)
  from space 5120K, 99% used [0x0000000797600000,0x0000000797afe9f0,0x0000000797b00000)
  to   space 5120K, 0% used [0x0000000797b00000,0x0000000797b00000,0x0000000798000000)
 ParOldGen       total 87552K, used 6537K [0x0000000740000000, 0x0000000745580000, 0x0000000795580000)
  object space 87552K, 7% used [0x0000000740000000,0x0000000740662770,0x0000000745580000)
 Metaspace       used 14080K, capacity 14380K, committed 14720K, reserved 1062912K
  class space    used 1742K, capacity 1835K, committed 1920K, reserved 1048576K
}

Deoptimization events (10 events):
Event: 2485.850 Thread 0x00007fdcec987800 Uncommon trap: reason=unstable_if action=reinterpret pc=0x00000001148b3d2c method=javax.swing.RepaintManager.endPaint()V @ 24
Event: 2485.850 Thread 0x00007fdcec987800 Uncommon trap: reason=class_check action=maybe_recompile pc=0x0000000114953acc method=java.awt.EventQueue.coalesceEvent(Ljava/awt/AWTEvent;I)Z @ 77
Event: 2485.850 Thread 0x00007fdcec987800 Uncommon trap: reason=class_check action=maybe_recompile pc=0x00000001146a5de0 method=java.awt.LightweightDispatcher.dispatchEvent(Ljava/awt/AWTEvent;)Z @ 44
Event: 2485.851 Thread 0x00007fdcec987800 Uncommon trap: reason=unstable_if action=reinterpret pc=0x00000001146fbdd4 method=sun.java2d.pipe.Region.isInsideQuickCheck(Lsun/java2d/pipe/Region;)Z @ 15
Event: 2485.854 Thread 0x00007fdcec987800 Uncommon trap: reason=class_check action=maybe_recompile pc=0x00000001146a5de0 method=java.awt.LightweightDispatcher.dispatchEvent(Ljava/awt/AWTEvent;)Z @ 44
Event: 2485.872 Thread 0x00007fdcec987800 Uncommon trap: reason=class_check action=maybe_recompile pc=0x00000001146a5de0 method=java.awt.LightweightDispatcher.dispatchEvent(Ljava/awt/AWTEvent;)Z @ 44
Event: 2485.958 Thread 0x00007fdcec987800 Uncommon trap: reason=class_check action=maybe_recompile pc=0x000000011496f620 method=java.awt.EventQueue.coalesceEvent(Ljava/awt/AWTEvent;I)Z @ 77
Event: 2486.279 Thread 0x00007fdceb0b3800 Uncommon trap: reason=unstable_if action=reinterpret pc=0x0000000114743578 method=java.util.concurrent.locks.ReentrantLock$Sync.nonfairTryAcquire(I)Z @ 19
Event: 2487.193 Thread 0x00007fdceb0b3800 Uncommon trap: reason=unstable_if action=reinterpret pc=0x00000001147154d8 method=java.util.concurrent.locks.ReentrantLock$Sync.nonfairTryAcquire(I)Z @ 19
Event: 2487.220 Thread 0x00007fdceb0b3800 Uncommon trap: reason=unstable_if action=reinterpret pc=0x0000000114706898 method=java.util.concurrent.locks.ReentrantLock$Sync.nonfairTryAcquire(I)Z @ 19

Classes redefined (0 events):
No events

Internal exceptions (10 events):
Event: 638.103 Thread 0x00007fdcec830800 Exception <a 'java/lang/NullPointerException'> (0x0000000795613c98) thrown at [/Users/java_re/workspace/8-2-build-macosx-x86_64/jdk8u161/10277/hotspot/src/share/vm/interpreter/linkResolver.cpp, line 1185]
Event: 638.105 Thread 0x00007fdcec830800 Exception <a 'java/lang/NullPointerException'> (0x0000000795613ee0) thrown at [/Users/java_re/workspace/8-2-build-macosx-x86_64/jdk8u161/10277/hotspot/src/share/vm/interpreter/linkResolver.cpp, line 1185]
Event: 1273.793 Thread 0x00007fdceb0b3800 Implicit null exception at 0x000000011489a533 to 0x000000011489b8ad
Event: 1273.793 Thread 0x00007fdceb0b3800 Implicit null exception at 0x0000000114805a0c to 0x0000000114805bb1
Event: 1881.563 Thread 0x00007fdcec987800 Implicit null exception at 0x00000001148f9392 to 0x00000001148fa9d0
Event: 2414.406 Thread 0x00007fdcec987800 Implicit null exception at 0x000000011447f256 to 0x000000011447f8e5
Event: 2416.559 Thread 0x00007fdcec987800 Implicit null exception at 0x000000011428a091 to 0x000000011428a3e3
Event: 2416.561 Thread 0x00007fdcec987800 Implicit null exception at 0x00000001143c2225 to 0x00000001143c26bf
Event: 2487.842 Thread 0x00007fdcec830800 Exception <a 'java/lang/NullPointerException'> (0x000000079564a0c8) thrown at [/Users/java_re/workspace/8-2-build-macosx-x86_64/jdk8u161/10277/hotspot/src/share/vm/interpreter/linkResolver.cpp, line 1185]
Event: 2487.842 Thread 0x00007fdcec830800 Exception <a 'java/lang/NullPointerException'> (0x000000079564a2d0) thrown at [/Users/java_re/workspace/8-2-build-macosx-x86_64/jdk8u161/10277/hotspot/src/share/vm/interpreter/linkResolver.cpp, line 1185]

Events (10 events):
Event: 2487.842 Executing VM operation: RevokeBias
Event: 2487.842 Executing VM operation: RevokeBias done
Event: 2487.842 Executing VM operation: RevokeBias
Event: 2487.842 Executing VM operation: RevokeBias done
Event: 2487.842 Executing VM operation: RevokeBias
Event: 2487.842 Executing VM operation: RevokeBias done
Event: 2487.842 Executing VM operation: RevokeBias
Event: 2487.842 Executing VM operation: RevokeBias done
Event: 2487.845 Executing VM operation: RevokeBias
Event: 2487.845 Executing VM operation: RevokeBias done


Dynamic libraries:
0x000000000008a000 	/System/Library/Frameworks/Cocoa.framework/Versions/A/Cocoa
0x000000000008a000 	/System/Library/Frameworks/Security.framework/Versions/A/Security
0x000000000008a000 	/System/Library/Frameworks/ApplicationServices.framework/Versions/A/ApplicationServices
0x000000000008a000 	/usr/lib/libz.1.dylib
0x000000000008a000 	/usr/lib/libSystem.B.dylib
0x000000000008a000 	/usr/lib/libobjc.A.dylib
0x000000000008a000 	/System/Library/Frameworks/CoreFoundation.framework/Versions/A/CoreFoundation
0x000000000008a000 	/System/Library/Frameworks/Foundation.framework/Versions/C/Foundation
0x000000000008a000 	/System/Library/Frameworks/AppKit.framework/Versions/C/AppKit
0x000000000008a000 	/System/Library/Frameworks/CoreData.framework/Versions/A/CoreData
0x000000000008a000 	/System/Library/PrivateFrameworks/UIFoundation.framework/Versions/A/UIFoundation
0x000000000008a000 	/System/Library/PrivateFrameworks/RemoteViewServices.framework/Versions/A/RemoteViewServices
0x000000000008a000 	/System/Library/PrivateFrameworks/XCTTargetBootstrap.framework/Versions/A/XCTTargetBootstrap
0x000000000008a000 	/usr/lib/libspindump.dylib
0x000000000008a000 	/System/Library/Frameworks/UniformTypeIdentifiers.framework/Versions/A/UniformTypeIdentifiers
0x000000000008a000 	/usr/lib/libapp_launch_measurement.dylib
0x000000000008a000 	/System/Library/PrivateFrameworks/CoreAutoLayout.framework/Versions/A/CoreAutoLayout
0x000000000008a000 	/System/Library/Frameworks/Metal.framework/Versions/A/Metal
0x000000000008a000 	/usr/lib/liblangid.dylib
0x000000000008a000 	/System/Library/PrivateFrameworks/CoreSVG.framework/Versions/A/CoreSVG
0x000000000008a000 	/System/Library/PrivateFrameworks/SkyLight.framework/Versions/A/SkyLight
0x000000000008a000 	/System/Library/Frameworks/CoreGraphics.framework/Versions/A/CoreGraphics
0x000000000008a000 	/System/Library/Frameworks/Accelerate.framework/Versions/A/Accelerate
0x000000000008a000 	/System/Library/PrivateFrameworks/IconServices.framework/Versions/A/IconServices
0x000000000008a000 	/System/Library/Frameworks/IOSurface.framework/Versions/A/IOSurface
0x000000000008a000 	/usr/lib/libDiagnosticMessagesClient.dylib
0x000000000008a000 	/System/Library/PrivateFrameworks/DFRFoundation.framework/Versions/A/DFRFoundation
0x000000000008a000 	/usr/lib/libicucore.A.dylib
0x000000000008a000 	/System/Library/Frameworks/AudioToolbox.framework/Versions/A/AudioToolbox
0x000000000008a000 	/System/Library/PrivateFrameworks/DataDetectorsCore.framework/Versions/A/DataDetectorsCore
0x000000000008a000 	/usr/lib/libMobileGestalt.dylib
0x000000000008a000 	/System/Library/Frameworks/Carbon.framework/Versions/A/Frameworks/HIToolbox.framework/Versions/A/HIToolbox
0x000000000008a000 	/System/Library/Frameworks/QuartzCore.framework/Versions/A/QuartzCore
0x000000000008a000 	/System/Library/Frameworks/Carbon.framework/Versions/A/Frameworks/SpeechRecognition.framework/Versions/A/SpeechRecognition
0x000000000008a000 	/System/Library/PrivateFrameworks/CoreUI.framework/Versions/A/CoreUI
0x000000000008a000 	/System/Library/Frameworks/CoreAudio.framework/Versions/A/CoreAudio
0x000000000008a000 	/System/Library/Frameworks/DiskArbitration.framework/Versions/A/DiskArbitration
0x000000000008a000 	/System/Library/PrivateFrameworks/MultitouchSupport.framework/Versions/A/MultitouchSupport
0x000000000008a000 	/System/Library/PrivateFrameworks/InternationalSupport.framework/Versions/A/InternationalSupport
0x000000000008a000 	/usr/lib/libenergytrace.dylib
0x000000000008a000 	/System/Library/Frameworks/IOKit.framework/Versions/A/IOKit
0x000000000008a000 	/System/Library/Frameworks/CoreServices.framework/Versions/A/CoreServices
0x000000000008a000 	/System/Library/PrivateFrameworks/PerformanceAnalysis.framework/Versions/A/PerformanceAnalysis
0x000000000008a000 	/System/Library/Frameworks/OpenGL.framework/Versions/A/OpenGL
0x000000000008a000 	/System/Library/PrivateFrameworks/UserActivity.framework/Versions/A/UserActivity
0x000000000008a000 	/System/Library/Frameworks/ColorSync.framework/Versions/A/ColorSync
0x000000000008a000 	/System/Library/Frameworks/CoreImage.framework/Versions/A/CoreImage
0x000000000008a000 	/System/Library/Frameworks/CoreText.framework/Versions/A/CoreText
0x000000000008a000 	/System/Library/Frameworks/ImageIO.framework/Versions/A/ImageIO
0x000000000008a000 	/System/Library/PrivateFrameworks/SoftLinking.framework/Versions/A/SoftLinking
0x000000000008a000 	/usr/lib/libxml2.2.dylib
0x000000000008a000 	/usr/lib/libc++.1.dylib
0x000000000008a000 	/usr/lib/libcompression.dylib
0x000000000008a000 	/System/Library/PrivateFrameworks/TextureIO.framework/Versions/A/TextureIO
0x000000000008a000 	/usr/lib/libate.dylib
0x000000000008a000 	/usr/lib/system/libcache.dylib
0x000000000008a000 	/usr/lib/system/libcommonCrypto.dylib
0x000000000008a000 	/usr/lib/system/libcompiler_rt.dylib
0x000000000008a000 	/usr/lib/system/libcopyfile.dylib
0x000000000008a000 	/usr/lib/system/libcorecrypto.dylib
0x000000000008a000 	/usr/lib/system/libdispatch.dylib
0x000000000008a000 	/usr/lib/system/libdyld.dylib
0x000000000008a000 	/usr/lib/system/libkeymgr.dylib
0x000000000008a000 	/usr/lib/system/liblaunch.dylib
0x000000000008a000 	/usr/lib/system/libmacho.dylib
0x000000000008a000 	/usr/lib/system/libquarantine.dylib
0x000000000008a000 	/usr/lib/system/libremovefile.dylib
0x000000000008a000 	/usr/lib/system/libsystem_asl.dylib
0x000000000008a000 	/usr/lib/system/libsystem_blocks.dylib
0x000000000008a000 	/usr/lib/system/libsystem_c.dylib
0x000000000008a000 	/usr/lib/system/libsystem_collections.dylib
0x000000000008a000 	/usr/lib/system/libsystem_configuration.dylib
0x000000000008a000 	/usr/lib/system/libsystem_containermanager.dylib
0x000000000008a000 	/usr/lib/system/libsystem_coreservices.dylib
0x000000000008a000 	/usr/lib/system/libsystem_darwin.dylib
0x000000000008a000 	/usr/lib/system/libsystem_dnssd.dylib
0x000000000008a000 	/usr/lib/system/libsystem_featureflags.dylib
0x000000000008a000 	/usr/lib/system/libsystem_info.dylib
0x000000000008a000 	/usr/lib/system/libsystem_m.dylib
0x000000000008a000 	/usr/lib/system/libsystem_malloc.dylib
0x000000000008a000 	/usr/lib/system/libsystem_networkextension.dylib
0x000000000008a000 	/usr/lib/system/libsystem_notify.dylib
0x000000000008a000 	/usr/lib/system/libsystem_product_info_filter.dylib
0x000000000008a000 	/usr/lib/system/libsystem_sandbox.dylib
0x000000000008a000 	/usr/lib/system/libsystem_secinit.dylib
0x000000000008a000 	/usr/lib/system/libsystem_kernel.dylib
0x000000000008a000 	/usr/lib/system/libsystem_platform.dylib
0x000000000008a000 	/usr/lib/system/libsystem_pthread.dylib
0x000000000008a000 	/usr/lib/system/libsystem_symptoms.dylib
0x000000000008a000 	/usr/lib/system/libsystem_trace.dylib
0x000000000008a000 	/usr/lib/system/libunwind.dylib
0x000000000008a000 	/usr/lib/system/libxpc.dylib
0x000000000008a000 	/usr/lib/libc++abi.dylib
0x000000000008a000 	/usr/lib/liboah.dylib
0x000000000008a000 	/usr/lib/liblzma.5.dylib
0x000000000008a000 	/System/Library/Frameworks/SystemConfiguration.framework/Versions/A/SystemConfiguration
0x000000000008a000 	/usr/lib/libfakelink.dylib
0x000000000008a000 	/System/Library/Frameworks/CFNetwork.framework/Versions/A/CFNetwork
0x000000000008a000 	/usr/lib/libarchive.2.dylib
0x000000000008a000 	/usr/lib/libCRFSuite.dylib
0x000000000008a000 	/usr/lib/libbsm.0.dylib
0x000000000008a000 	/usr/lib/libnetwork.dylib
0x000000000008a000 	/usr/lib/libpcap.A.dylib
0x000000000008a000 	/usr/lib/libdns_services.dylib
0x000000000008a000 	/usr/lib/libcoretls_cfhelpers.dylib
0x000000000008a000 	/usr/lib/libapple_nghttp2.dylib
0x000000000008a000 	/usr/lib/system/libkxld.dylib
0x000000000008a000 	/usr/lib/libsqlite3.dylib
0x000000000008a000 	/System/Library/PrivateFrameworks/AppleFSCompression.framework/Versions/A/AppleFSCompression
0x000000000008a000 	/usr/lib/libcoretls.dylib
0x000000000008a000 	/usr/lib/libpam.2.dylib
0x000000000008a000 	/usr/lib/libxar.1.dylib
0x000000000008a000 	/System/Library/PrivateFrameworks/AppleSystemInfo.framework/Versions/A/AppleSystemInfo
0x000000000008a000 	/System/Library/PrivateFrameworks/IOMobileFramebuffer.framework/Versions/A/IOMobileFramebuffer
0x000000000008a000 	/usr/lib/libbz2.1.0.dylib
0x000000000008a000 	/usr/lib/libiconv.2.dylib
0x000000000008a000 	/usr/lib/libcharset.1.dylib
0x000000000008a000 	/System/Library/Frameworks/CoreServices.framework/Versions/A/Frameworks/FSEvents.framework/Versions/A/FSEvents
0x000000000008a000 	/System/Library/Frameworks/CoreServices.framework/Versions/A/Frameworks/CarbonCore.framework/Versions/A/CarbonCore
0x000000000008a000 	/System/Library/Frameworks/CoreServices.framework/Versions/A/Frameworks/Metadata.framework/Versions/A/Metadata
0x000000000008a000 	/System/Library/Frameworks/CoreServices.framework/Versions/A/Frameworks/OSServices.framework/Versions/A/OSServices
0x000000000008a000 	/System/Library/Frameworks/CoreServices.framework/Versions/A/Frameworks/SearchKit.framework/Versions/A/SearchKit
0x000000000008a000 	/System/Library/Frameworks/CoreServices.framework/Versions/A/Frameworks/AE.framework/Versions/A/AE
0x000000000008a000 	/System/Library/Frameworks/CoreServices.framework/Versions/A/Frameworks/LaunchServices.framework/Versions/A/LaunchServices
0x000000000008a000 	/System/Library/Frameworks/CoreServices.framework/Versions/A/Frameworks/DictionaryServices.framework/Versions/A/DictionaryServices
0x000000000008a000 	/System/Library/Frameworks/CoreServices.framework/Versions/A/Frameworks/SharedFileList.framework/Versions/A/SharedFileList
0x000000000008a000 	/usr/lib/libCheckFix.dylib
0x000000000008a000 	/System/Library/PrivateFrameworks/TCC.framework/Versions/A/TCC
0x000000000008a000 	/System/Library/PrivateFrameworks/CoreNLP.framework/Versions/A/CoreNLP
0x000000000008a000 	/System/Library/PrivateFrameworks/MetadataUtilities.framework/Versions/A/MetadataUtilities
0x000000000008a000 	/usr/lib/libmecabra.dylib
0x000000000008a000 	/System/Library/Frameworks/MLCompute.framework/Versions/A/MLCompute
0x000000000008a000 	/usr/lib/libmecab.dylib
0x000000000008a000 	/usr/lib/libgermantok.dylib
0x000000000008a000 	/usr/lib/libThaiTokenizer.dylib
0x000000000008a000 	/usr/lib/libChineseTokenizer.dylib
0x000000000008a000 	/System/Library/Frameworks/MetalPerformanceShaders.framework/Versions/A/MetalPerformanceShaders
0x000000000008a000 	/System/Library/Frameworks/Accelerate.framework/Versions/A/Frameworks/vImage.framework/Versions/A/vImage
0x000000000008a000 	/System/Library/Frameworks/Accelerate.framework/Versions/A/Frameworks/vecLib.framework/Versions/A/vecLib
0x000000000008a000 	/System/Library/Frameworks/Accelerate.framework/Versions/A/Frameworks/vecLib.framework/Versions/A/libvMisc.dylib
0x000000000008a000 	/System/Library/Frameworks/Accelerate.framework/Versions/A/Frameworks/vecLib.framework/Versions/A/libvDSP.dylib
0x000000000008a000 	/System/Library/Frameworks/Accelerate.framework/Versions/A/Frameworks/vecLib.framework/Versions/A/libBLAS.dylib
0x000000000008a000 	/System/Library/Frameworks/Accelerate.framework/Versions/A/Frameworks/vecLib.framework/Versions/A/libLAPACK.dylib
0x000000000008a000 	/System/Library/Frameworks/Accelerate.framework/Versions/A/Frameworks/vecLib.framework/Versions/A/libLinearAlgebra.dylib
0x000000000008a000 	/System/Library/Frameworks/Accelerate.framework/Versions/A/Frameworks/vecLib.framework/Versions/A/libSparseBLAS.dylib
0x000000000008a000 	/System/Library/Frameworks/Accelerate.framework/Versions/A/Frameworks/vecLib.framework/Versions/A/libQuadrature.dylib
0x000000000008a000 	/System/Library/Frameworks/Accelerate.framework/Versions/A/Frameworks/vecLib.framework/Versions/A/libBNNS.dylib
0x000000000008a000 	/System/Library/Frameworks/Accelerate.framework/Versions/A/Frameworks/vecLib.framework/Versions/A/libSparse.dylib
0x000000000008a000 	/System/Library/Frameworks/MetalPerformanceShaders.framework/Versions/A/Frameworks/MPSCore.framework/Versions/A/MPSCore
0x000000000008a000 	/System/Library/Frameworks/MetalPerformanceShaders.framework/Versions/A/Frameworks/MPSImage.framework/Versions/A/MPSImage
0x000000000008a000 	/System/Library/Frameworks/MetalPerformanceShaders.framework/Versions/A/Frameworks/MPSNeuralNetwork.framework/Versions/A/MPSNeuralNetwork
0x000000000008a000 	/System/Library/Frameworks/MetalPerformanceShaders.framework/Versions/A/Frameworks/MPSMatrix.framework/Versions/A/MPSMatrix
0x000000000008a000 	/System/Library/Frameworks/MetalPerformanceShaders.framework/Versions/A/Frameworks/MPSRayIntersector.framework/Versions/A/MPSRayIntersector
0x000000000008a000 	/System/Library/Frameworks/MetalPerformanceShaders.framework/Versions/A/Frameworks/MPSNDArray.framework/Versions/A/MPSNDArray
0x000000000008a000 	/System/Library/PrivateFrameworks/MetalTools.framework/Versions/A/MetalTools
0x000000000008a000 	/System/Library/PrivateFrameworks/AggregateDictionary.framework/Versions/A/AggregateDictionary
0x000000000008a000 	/System/Library/PrivateFrameworks/CoreAnalytics.framework/Versions/A/CoreAnalytics
0x000000000008a000 	/System/Library/PrivateFrameworks/AppleSauce.framework/Versions/A/AppleSauce
0x000000000008a000 	/System/Library/PrivateFrameworks/IOAccelerator.framework/Versions/A/IOAccelerator
0x000000000008a000 	/System/Library/Frameworks/OpenGL.framework/Versions/A/Libraries/libCoreFSCache.dylib
0x000000000008a000 	/System/Library/PrivateFrameworks/LanguageModeling.framework/Versions/A/LanguageModeling
0x000000000008a000 	/System/Library/PrivateFrameworks/CoreEmoji.framework/Versions/A/CoreEmoji
0x000000000008a000 	/System/Library/PrivateFrameworks/LinguisticData.framework/Versions/A/LinguisticData
0x000000000008a000 	/System/Library/PrivateFrameworks/Lexicon.framework/Versions/A/Lexicon
0x000000000008a000 	/usr/lib/libcmph.dylib
0x000000000008a000 	/System/Library/Frameworks/OpenDirectory.framework/Versions/A/Frameworks/CFOpenDirectory.framework/Versions/A/CFOpenDirectory
0x000000000008a000 	/System/Library/Frameworks/OpenDirectory.framework/Versions/A/OpenDirectory
0x000000000008a000 	/System/Library/PrivateFrameworks/APFS.framework/Versions/A/APFS
0x000000000008a000 	/System/Library/Frameworks/SecurityFoundation.framework/Versions/A/SecurityFoundation
0x000000000008a000 	/usr/lib/libutil.dylib
0x000000000008a000 	/System/Library/PrivateFrameworks/CoreServicesStore.framework/Versions/A/CoreServicesStore
0x000000000008a000 	/System/Library/Frameworks/ServiceManagement.framework/Versions/A/ServiceManagement
0x000000000008a000 	/usr/lib/libxslt.1.dylib
0x000000000008a000 	/System/Library/PrivateFrameworks/BackgroundTaskManagement.framework/Versions/A/BackgroundTaskManagement
0x000000000008a000 	/System/Library/Frameworks/ImageIO.framework/Versions/A/Resources/libRadiance.dylib
0x000000000008a000 	/System/Library/Frameworks/ImageIO.framework/Versions/A/Resources/libJPEG.dylib
0x000000000008a000 	/System/Library/Frameworks/ImageIO.framework/Versions/A/Resources/libPng.dylib
0x000000000008a000 	/System/Library/Frameworks/ImageIO.framework/Versions/A/Resources/libTIFF.dylib
0x000000000008a000 	/System/Library/Frameworks/ImageIO.framework/Versions/A/Resources/libGIF.dylib
0x000000000008a000 	/System/Library/Frameworks/ImageIO.framework/Versions/A/Resources/libJP2.dylib
0x000000000008a000 	/usr/lib/libexpat.1.dylib
0x000000000008a000 	/System/Library/PrivateFrameworks/AppleJPEG.framework/Versions/A/AppleJPEG
0x000000000008a000 	/System/Library/PrivateFrameworks/FontServices.framework/libFontParser.dylib
0x000000000008a000 	/System/Library/PrivateFrameworks/RunningBoardServices.framework/Versions/A/RunningBoardServices
0x000000000008a000 	/System/Library/PrivateFrameworks/WatchdogClient.framework/Versions/A/WatchdogClient
0x000000000008a000 	/System/Library/Frameworks/CoreDisplay.framework/Versions/A/CoreDisplay
0x000000000008a000 	/System/Library/Frameworks/CoreMedia.framework/Versions/A/CoreMedia
0x000000000008a000 	/System/Library/Frameworks/CoreVideo.framework/Versions/A/CoreVideo
0x000000000008a000 	/System/Library/Frameworks/VideoToolbox.framework/Versions/A/VideoToolbox
0x000000000008a000 	/System/Library/PrivateFrameworks/BaseBoard.framework/Versions/A/BaseBoard
0x000000000008a000 	/System/Library/PrivateFrameworks/PersistentConnection.framework/Versions/A/PersistentConnection
0x000000000008a000 	/System/Library/PrivateFrameworks/ProtocolBuffer.framework/Versions/A/ProtocolBuffer
0x000000000008a000 	/System/Library/PrivateFrameworks/CommonUtilities.framework/Versions/A/CommonUtilities
0x000000000008a000 	/System/Library/PrivateFrameworks/Bom.framework/Versions/A/Bom
0x000000000008a000 	/System/Library/PrivateFrameworks/GPUWrangler.framework/Versions/A/GPUWrangler
0x000000000008a000 	/System/Library/PrivateFrameworks/IOPresentment.framework/Versions/A/IOPresentment
0x000000000008a000 	/System/Library/PrivateFrameworks/DSExternalDisplay.framework/Versions/A/DSExternalDisplay
0x000000000008a000 	/System/Library/PrivateFrameworks/CMCaptureCore.framework/Versions/A/CMCaptureCore
0x000000000008a000 	/System/Library/PrivateFrameworks/AppServerSupport.framework/Versions/A/AppServerSupport
0x000000000008a000 	/System/Library/PrivateFrameworks/perfdata.framework/Versions/A/perfdata
0x000000000008a000 	/System/Library/PrivateFrameworks/AssertionServices.framework/Versions/A/AssertionServices
0x000000000008a000 	/System/Library/PrivateFrameworks/AudioToolboxCore.framework/Versions/A/AudioToolboxCore
0x000000000008a000 	/System/Library/PrivateFrameworks/caulk.framework/Versions/A/caulk
0x000000000008a000 	/System/Library/PrivateFrameworks/SystemPolicy.framework/Versions/A/SystemPolicy
0x000000000008a000 	/usr/lib/libIOReport.dylib
0x000000000008a000 	/usr/lib/libSMC.dylib
0x000000000008a000 	/usr/lib/libAudioToolboxUtility.dylib
0x000000000008a000 	/usr/lib/libmis.dylib
0x000000000008a000 	/System/Library/Frameworks/OpenGL.framework/Versions/A/Libraries/libGLU.dylib
0x000000000008a000 	/System/Library/Frameworks/OpenGL.framework/Versions/A/Libraries/libGFXShared.dylib
0x000000000008a000 	/System/Library/Frameworks/OpenGL.framework/Versions/A/Libraries/libGL.dylib
0x000000000008a000 	/System/Library/Frameworks/OpenGL.framework/Versions/A/Libraries/libGLImage.dylib
0x000000000008a000 	/System/Library/Frameworks/OpenGL.framework/Versions/A/Libraries/libCVMSPluginSupport.dylib
0x000000000008a000 	/System/Library/Frameworks/OpenGL.framework/Versions/A/Libraries/libCoreVMClient.dylib
0x000000000008a000 	/System/Library/Frameworks/OpenCL.framework/Versions/A/OpenCL
0x000000000008a000 	/System/Library/PrivateFrameworks/GraphVisualizer.framework/Versions/A/GraphVisualizer
0x000000000008a000 	/System/Library/PrivateFrameworks/FaceCore.framework/Versions/A/FaceCore
0x000000000008a000 	/System/Library/PrivateFrameworks/OTSVG.framework/Versions/A/OTSVG
0x000000000008a000 	/System/Library/Frameworks/ApplicationServices.framework/Versions/A/Frameworks/ATS.framework/Versions/A/Resources/libFontRegistry.dylib
0x000000000008a000 	/System/Library/PrivateFrameworks/FontServices.framework/libhvf.dylib
0x000000000008a000 	/System/Library/PrivateFrameworks/AppleVA.framework/Versions/A/AppleVA
0x000000000008a000 	/System/Library/Frameworks/ApplicationServices.framework/Versions/A/Frameworks/ATS.framework/Versions/A/ATS
0x000000000008a000 	/System/Library/Frameworks/ApplicationServices.framework/Versions/A/Frameworks/ColorSyncLegacy.framework/Versions/A/ColorSyncLegacy
0x000000000008a000 	/System/Library/Frameworks/ApplicationServices.framework/Versions/A/Frameworks/HIServices.framework/Versions/A/HIServices
0x000000000008a000 	/System/Library/Frameworks/ApplicationServices.framework/Versions/A/Frameworks/LangAnalysis.framework/Versions/A/LangAnalysis
0x000000000008a000 	/System/Library/Frameworks/ApplicationServices.framework/Versions/A/Frameworks/PrintCore.framework/Versions/A/PrintCore
0x000000000008a000 	/System/Library/Frameworks/ApplicationServices.framework/Versions/A/Frameworks/QD.framework/Versions/A/QD
0x000000000008a000 	/System/Library/Frameworks/ApplicationServices.framework/Versions/A/Frameworks/SpeechSynthesis.framework/Versions/A/SpeechSynthesis
0x000000000008a000 	/System/Library/Frameworks/ApplicationServices.framework/Versions/A/Frameworks/ATSUI.framework/Versions/A/ATSUI
0x000000000008a000 	/usr/lib/libcups.2.dylib
0x000000000008a000 	/System/Library/PrivateFrameworks/NetAuth.framework/Versions/A/NetAuth
0x000000000008a000 	/System/Library/Frameworks/Kerberos.framework/Versions/A/Kerberos
0x000000000008a000 	/System/Library/Frameworks/GSS.framework/Versions/A/GSS
0x000000000008a000 	/usr/lib/libresolv.9.dylib
0x000000000008a000 	/System/Library/PrivateFrameworks/Heimdal.framework/Versions/A/Heimdal
0x000000000008a000 	/System/Library/Frameworks/Kerberos.framework/Versions/A/Libraries/libHeimdalProxy.dylib
0x000000000008a000 	/System/Library/Frameworks/Network.framework/Versions/A/Network
0x000000000008a000 	/usr/lib/libheimdal-asn1.dylib
0x000000000008a000 	/System/Library/PrivateFrameworks/CommonAuth.framework/Versions/A/CommonAuth
0x000000000008a000 	/System/Library/PrivateFrameworks/login.framework/Versions/A/Frameworks/loginsupport.framework/Versions/A/loginsupport
0x000000000008a000 	/System/Library/PrivateFrameworks/AudioSession.framework/Versions/A/AudioSession
0x000000000008a000 	/usr/lib/libAudioStatistics.dylib
0x000000000008a000 	/System/Library/PrivateFrameworks/MediaExperience.framework/Versions/A/MediaExperience
0x000000000008a000 	/System/Library/PrivateFrameworks/AudioSession.framework/libSessionUtility.dylib
0x000000000008a000 	/usr/lib/libperfcheck.dylib
0x000000000008a000 	/System/Library/PrivateFrameworks/AudioResourceArbitration.framework/Versions/A/AudioResourceArbitration
0x000000000008a000 	/System/Library/PrivateFrameworks/IconFoundation.framework/Versions/A/IconFoundation
0x000000000008a000 	/System/Library/PrivateFrameworks/SpeechRecognitionCore.framework/Versions/A/SpeechRecognitionCore
0x0000000108800000 	/Library/Java/JavaVirtualMachines/jdk1.8.0_161.jdk/Contents/Home/jre/lib/server/libjvm.dylib
0x000000000008a000 	/usr/lib/libstdc++.6.dylib
0x00000001061e0000 	/Library/Java/JavaVirtualMachines/jdk1.8.0_161.jdk/Contents/Home/jre/lib/libverify.dylib
0x00000001061ee000 	/Library/Java/JavaVirtualMachines/jdk1.8.0_161.jdk/Contents/Home/jre/lib/libjava.dylib
0x000000010626e000 	/Library/Java/JavaVirtualMachines/jdk1.8.0_161.jdk/Contents/Home/jre/lib/libzip.dylib
0x0000000106706000 	/Library/Java/JavaVirtualMachines/jdk1.8.0_161.jdk/Contents/Home/jre/lib/libawt.dylib
0x0000000110b30000 	/Library/Java/JavaVirtualMachines/jdk1.8.0_161.jdk/Contents/Home/jre/lib/libmlib_image.dylib
0x000000000008a000 	/System/Library/Frameworks/JavaNativeFoundation.framework/Versions/A/JavaNativeFoundation
0x000000000008a000 	/System/Library/Frameworks/JavaRuntimeSupport.framework/Versions/A/JavaRuntimeSupport
0x000000000008a000 	/System/Library/Frameworks/Carbon.framework/Versions/A/Carbon
0x000000000008a000 	/System/Library/PrivateFrameworks/CoreSymbolication.framework/Versions/A/CoreSymbolication
0x000000000008a000 	/System/Library/Frameworks/Carbon.framework/Versions/A/Frameworks/CommonPanels.framework/Versions/A/CommonPanels
0x000000000008a000 	/System/Library/Frameworks/Carbon.framework/Versions/A/Frameworks/Help.framework/Versions/A/Help
0x000000000008a000 	/System/Library/Frameworks/Carbon.framework/Versions/A/Frameworks/ImageCapture.framework/Versions/A/ImageCapture
0x000000000008a000 	/System/Library/Frameworks/Carbon.framework/Versions/A/Frameworks/OpenScripting.framework/Versions/A/OpenScripting
0x000000000008a000 	/System/Library/Frameworks/Carbon.framework/Versions/A/Frameworks/Ink.framework/Versions/A/Ink
0x000000000008a000 	/System/Library/Frameworks/Carbon.framework/Versions/A/Frameworks/Print.framework/Versions/A/Print
0x000000000008a000 	/System/Library/Frameworks/Carbon.framework/Versions/A/Frameworks/SecurityHI.framework/Versions/A/SecurityHI
0x000000000008a000 	/System/Library/PrivateFrameworks/DebugSymbols.framework/Versions/A/DebugSymbols
0x0000000110bfc000 	/Library/Java/JavaVirtualMachines/jdk1.8.0_161.jdk/Contents/Home/jre/lib/libawt_lwawt.dylib
0x00000001067b0000 	/Library/Java/JavaVirtualMachines/jdk1.8.0_161.jdk/Contents/Home/jre/lib/libosxapp.dylib
0x000000000008a000 	/System/Library/Frameworks/ExceptionHandling.framework/Versions/A/ExceptionHandling
0x000000000008a000 	/System/Library/PrivateFrameworks/CoreServicesInternal.framework/Versions/A/CoreServicesInternal
0x000000000008a000 	/System/Library/Frameworks/FileProvider.framework/Versions/A/FileProvider
0x000000000008a000 	/System/Library/Frameworks/Accounts.framework/Versions/A/Accounts
0x000000000008a000 	/System/Library/PrivateFrameworks/GenerationalStorage.framework/Versions/A/GenerationalStorage
0x000000000008a000 	/System/Library/PrivateFrameworks/SymptomDiagnosticReporter.framework/Versions/A/SymptomDiagnosticReporter
0x000000000008a000 	/System/Library/PrivateFrameworks/DesktopServicesPriv.framework/Versions/A/DesktopServicesPriv
0x000000000008a000 	/usr/lib/libsandbox.1.dylib
0x000000000008a000 	/System/Library/PrivateFrameworks/UserManagement.framework/Versions/A/UserManagement
0x000000000008a000 	/System/Library/PrivateFrameworks/MobileKeyBag.framework/Versions/A/MobileKeyBag
0x000000000008a000 	/System/Library/PrivateFrameworks/ChunkingLibrary.framework/Versions/A/ChunkingLibrary
0x000000000008a000 	/System/Library/PrivateFrameworks/Sharing.framework/Versions/A/Sharing
0x000000000008a000 	/System/Library/PrivateFrameworks/Apple80211.framework/Versions/A/Apple80211
0x000000000008a000 	/System/Library/PrivateFrameworks/AuthKit.framework/Versions/A/AuthKit
0x000000000008a000 	/System/Library/PrivateFrameworks/CoreUtils.framework/Versions/A/CoreUtils
0x000000000008a000 	/System/Library/Frameworks/CoreWLAN.framework/Versions/A/CoreWLAN
0x000000000008a000 	/System/Library/Frameworks/IOBluetooth.framework/Versions/A/IOBluetooth
0x000000000008a000 	/System/Library/PrivateFrameworks/CoreWiFi.framework/Versions/A/CoreWiFi
0x000000000008a000 	/System/Library/PrivateFrameworks/CorePhoneNumbers.framework/Versions/A/CorePhoneNumbers
0x000000000008a000 	/System/Library/PrivateFrameworks/DiskManagement.framework/Versions/A/DiskManagement
0x000000000008a000 	/System/Library/PrivateFrameworks/AppleIDAuthSupport.framework/Versions/A/AppleIDAuthSupport
0x000000000008a000 	/System/Library/PrivateFrameworks/KeychainCircle.framework/Versions/A/KeychainCircle
0x000000000008a000 	/System/Library/PrivateFrameworks/MediaKit.framework/Versions/A/MediaKit
0x000000000008a000 	/System/Library/Frameworks/DiscRecording.framework/Versions/A/DiscRecording
0x000000000008a000 	/usr/lib/libCoreStorage.dylib
0x000000000008a000 	/usr/lib/libcsfde.dylib
0x000000000008a000 	/System/Library/PrivateFrameworks/ProtectedCloudStorage.framework/Versions/A/ProtectedCloudStorage
0x000000000008a000 	/System/Library/PrivateFrameworks/EFILogin.framework/Versions/A/EFILogin
0x000000000008a000 	/System/Library/Frameworks/AudioUnit.framework/Versions/A/AudioUnit
0x000000000008a000 	/System/Library/Frameworks/CoreBluetooth.framework/Versions/A/CoreBluetooth
0x000000000008a000 	/usr/lib/libMatch.1.dylib
0x000000000008a000 	/System/Library/CoreServices/RawCamera.bundle/Contents/MacOS/RawCamera
0x000000000008a000 	/System/Library/PrivateFrameworks/MobileAsset.framework/Versions/A/MobileAsset
0x000000000008a000 	/System/Library/PrivateFrameworks/StreamingZip.framework/Versions/A/StreamingZip
0x000000000008a000 	/System/Library/Frameworks/MediaToolbox.framework/Versions/A/MediaToolbox
0x000000000008a000 	/System/Library/PrivateFrameworks/CoreAVCHD.framework/Versions/A/CoreAVCHD
0x000000000008a000 	/System/Library/Frameworks/MediaAccessibility.framework/Versions/A/MediaAccessibility
0x000000000008a000 	/System/Library/PrivateFrameworks/Mangrove.framework/Versions/A/Mangrove
0x000000000008a000 	/System/Library/PrivateFrameworks/AlgosScoreFramework.framework/Versions/A/AlgosScoreFramework
0x000000000008a000 	/System/Library/PrivateFrameworks/AppleVPA.framework/Versions/A/AppleVPA
0x000000000008a000 	/System/Library/PrivateFrameworks/CoreAUC.framework/Versions/A/CoreAUC
0x000000000008a000 	/System/Library/Frameworks/Accelerate.framework/Versions/A/Frameworks/vImage.framework/Versions/A/Libraries/libCGInterfaces.dylib
0x0000000112fea000 	/usr/lib/libobjc-trampolines.dylib
0x000000000008a000 	/System/Library/PrivateFrameworks/FamilyControls.framework/Versions/A/FamilyControls
0x000000000008a000 	/System/Library/PrivateFrameworks/CommerceKit.framework/Versions/A/Frameworks/CommerceCore.framework/Versions/A/CommerceCore
0x000000000008a000 	/System/Library/PrivateFrameworks/SystemAdministration.framework/Versions/A/SystemAdministration
0x000000000008a000 	/System/Library/PrivateFrameworks/AppContainer.framework/Versions/A/AppContainer
0x000000000008a000 	/System/Library/PrivateFrameworks/SecCodeWrapper.framework/Versions/A/SecCodeWrapper
0x000000000008a000 	/System/Library/PrivateFrameworks/CrashReporterSupport.framework/Versions/A/CrashReporterSupport
0x000000000008a000 	/System/Library/PrivateFrameworks/OSAnalytics.framework/Versions/A/OSAnalytics
0x000000000008a000 	/usr/lib/libRosetta.dylib
0x000000000008a000 	/System/Library/PrivateFrameworks/RemoteServiceDiscovery.framework/Versions/A/RemoteServiceDiscovery
0x000000000008a000 	/System/Library/PrivateFrameworks/Symbolication.framework/Versions/A/Symbolication
0x000000000008a000 	/System/Library/PrivateFrameworks/MallocStackLogging.framework/Versions/A/MallocStackLogging
0x000000000008a000 	/System/Library/PrivateFrameworks/login.framework/Versions/A/login
0x000000000008a000 	/System/Library/Frameworks/DirectoryService.framework/Versions/A/DirectoryService
0x000000000008a000 	/System/Library/PrivateFrameworks/DiskImages.framework/Versions/A/DiskImages
0x000000000008a000 	/System/Library/PrivateFrameworks/LoginUIKit.framework/Versions/A/Frameworks/LoginUICore.framework/Versions/A/LoginUICore
0x000000000008a000 	/usr/lib/libodfde.dylib
0x000000000008a000 	/usr/lib/libcurl.4.dylib
0x000000000008a000 	/usr/lib/libcrypto.44.dylib
0x000000000008a000 	/usr/lib/libssl.46.dylib
0x000000000008a000 	/System/Library/Frameworks/LDAP.framework/Versions/A/LDAP
0x000000000008a000 	/System/Library/PrivateFrameworks/TrustEvaluationAgent.framework/Versions/A/TrustEvaluationAgent
0x000000000008a000 	/usr/lib/libsasl2.2.dylib
0x000000000008a000 	/System/Library/PrivateFrameworks/CoreDaemon.framework/Versions/B/CoreDaemon
0x000000000008a000 	/System/Library/PrivateFrameworks/AppleSRP.framework/Versions/A/AppleSRP
0x000000000008a000 	/System/Library/PrivateFrameworks/ViewBridge.framework/Versions/A/ViewBridge
0x000000000008a000 	/System/Library/Frameworks/OpenGL.framework/Versions/A/Resources/GLEngine.bundle/GLEngine
0x000000000008a000 	/System/Library/Frameworks/OpenGL.framework/Versions/A/Libraries/libGLProgrammability.dylib
0x000000000008a000 	/System/Library/Extensions/AppleIntelKBLGraphicsGLDriver.bundle/Contents/MacOS/AppleIntelKBLGraphicsGLDriver
0x000000000008a000 	/System/Library/PrivateFrameworks/GPUSupport.framework/Versions/A/Libraries/libGPUSupportMercury.dylib
0x000000000008a000 	/System/Library/Frameworks/OpenGL.framework/Versions/A/Resources/GLRendererFloat.bundle/GLRendererFloat
0x000000012546f000 	/Library/Java/JavaVirtualMachines/jdk1.8.0_161.jdk/Contents/Home/jre/lib/libfontmanager.dylib
0x00000001254d6000 	/Library/Java/JavaVirtualMachines/jdk1.8.0_161.jdk/Contents/Home/jre/lib/libosxui.dylib
0x0000000126485000 	/Library/Java/JavaVirtualMachines/jdk1.8.0_161.jdk/Contents/Home/jre/lib/libnet.dylib
0x000000012649c000 	/Library/Java/JavaVirtualMachines/jdk1.8.0_161.jdk/Contents/Home/jre/lib/libnio.dylib
0x000000000008a000 	/System/Library/Extensions/AppleIntelKBLGraphicsMTLDriver.bundle/Contents/MacOS/AppleIntelKBLGraphicsMTLDriver
0x000000000008a000 	/System/Library/PrivateFrameworks/GPURawCounter.framework/Versions/A/GPURawCounter
0x000000000008a000 	/System/Library/PrivateFrameworks/GPUCompiler.framework/Versions/31001/Libraries/libmetal_timestamp.dylib

VM Arguments:
jvm_args: -Dfile.encoding=UTF-8 
java_command: Main
java_class_path (initial): /Users/paarthgarg/Documents/java-workspace/Team5-OptimalDelivery/SoftwareEngineeringProject1/bin
Launcher Type: SUN_STANDARD

Environment Variables:
PATH=/usr/bin:/bin:/usr/sbin:/sbin
SHELL=/bin/bash

Signal Handlers:
SIGSEGV: [libjvm.dylib+0x5b5439], sa_mask[0]=11111111011111110111111111111111, sa_flags=SA_ONSTACK|SA_RESTART|SA_SIGINFO
SIGBUS: [libjvm.dylib+0x5b5439], sa_mask[0]=11111111011111110111111111111111, sa_flags=SA_RESTART|SA_SIGINFO
SIGFPE: [libjvm.dylib+0x48ae24], sa_mask[0]=11111111011111110111111111111111, sa_flags=SA_RESTART|SA_SIGINFO
SIGPIPE: [libjvm.dylib+0x48ae24], sa_mask[0]=11111111011111110111111111111111, sa_flags=SA_RESTART|SA_SIGINFO
SIGXFSZ: [libjvm.dylib+0x48ae24], sa_mask[0]=11111111011111110111111111111111, sa_flags=SA_RESTART|SA_SIGINFO
SIGILL: [libjvm.dylib+0x48ae24], sa_mask[0]=11111111011111110111111111111111, sa_flags=SA_RESTART|SA_SIGINFO
SIGUSR1: SIG_DFL, sa_mask[0]=00000000000000000000000000000000, sa_flags=none
SIGUSR2: [libjvm.dylib+0x48a942], sa_mask[0]=00100000000000000000000000000000, sa_flags=SA_RESTART|SA_SIGINFO
SIGHUP: [libjvm.dylib+0x488f0d], sa_mask[0]=11111111011111110111111111111111, sa_flags=SA_RESTART|SA_SIGINFO
SIGINT: [libjvm.dylib+0x488f0d], sa_mask[0]=11111111011111110111111111111111, sa_flags=SA_RESTART|SA_SIGINFO
SIGTERM: [libjvm.dylib+0x488f0d], sa_mask[0]=11111111011111110111111111111111, sa_flags=SA_RESTART|SA_SIGINFO
SIGQUIT: [libjvm.dylib+0x488f0d], sa_mask[0]=11111111011111110111111111111111, sa_flags=SA_RESTART|SA_SIGINFO


---------------  S Y S T E M  ---------------

OS:Bsduname:Darwin 20.6.0 Darwin Kernel Version 20.6.0: Wed Jun 23 00:26:31 PDT 2021; root:xnu-7195.141.2~5/RELEASE_X86_64 x86_64
rlimit: STACK 8192k, CORE 0k, NPROC 1392, NOFILE 10240, AS infinity
load average:2.05 4.16 4.59

CPU:total 4 (initial active 4) (2 cores per cpu, 2 threads per core) family 6 model 142 stepping 9, cmov, cx8, fxsr, mmx, sse, sse2, sse3, ssse3, sse4.1, sse4.2, popcnt, avx, avx2, aes, clmul, erms, 3dnowpref, lzcnt, ht, tsc, tscinvbit, bmi1, bmi2, adx

Memory: 4k page, physical 8388608k(16616k free)

/proc/meminfo:


vm_info: Java HotSpot(TM) 64-Bit Server VM (25.161-b12) for bsd-amd64 JRE (1.8.0_161-b12), built on Dec 19 2017 16:22:20 by "java_re" with gcc 4.2.1 (Based on Apple Inc. build 5658) (LLVM build 2336.11.00)

time: Tue Oct 26 19:45:50 2021
elapsed time: 2487 seconds (0d 0h 41m 27s)

